-------------------------------------------------------------------------------
Test set: Scenario: Add to basket and goto checkout scenario
-------------------------------------------------------------------------------
Tests run: 1, Failures: 0, Errors: 1, Skipped: 0, Time elapsed: 0.079 sec <<< FAILURE! - in Scenario: Add to basket and goto checkout scenario
Scenario: Add to basket and goto checkout scenario  Time elapsed: 0 sec  <<< ERROR!
java.lang.IllegalStateException: The path to the driver executable must be set by the webdriver.gecko.driver system property; for more information, see https://github.com/mozilla/geckodriver. The latest version can be downloaded from https://github.com/mozilla/geckodriver/releases

