<?xml version="1.0" encoding="UTF-8"?>
<testsuite xmlns:xsi="http://www.w3.org/2001/XMLSchema-instance" xsi:schemaLocation="https://maven.apache.org/surefire/maven-surefire-plugin/xsd/surefire-test-report.xsd" name="Scenario: Search for Heat Shrinkable Sleeving" time="279.507" tests="36" errors="0" skipped="0" failures="0">
  <properties>
[...]
</properties>
  <testcase name="Given I am on the RS home web page" classname="Scenario: Add item to basket and checkout as guest" time="0"/>
  <testcase name="And I search for &quot;818-8767&quot;" classname="Scenario: Add item to basket and checkout as guest" time="0"/>
  <testcase name="When I click the search button" classname="Scenario: Add item to basket and checkout as guest" time="0"/>
  <testcase name="Then I should see &quot;ABCU-5740ARZ&quot;" classname="Scenario: Add item to basket and checkout as guest" time="0.016"/>
  <testcase name="Then I make the quantity &quot;2&quot;" classname="Scenario: Add item to basket and checkout as guest" time="0"/>
  <testcase name="Then I click the add to cart button" classname="Scenario: Add item to basket and checkout as guest" time="0"/>
  <testcase name="Then I select view basket" classname="Scenario: Add item to basket and checkout as guest" time="0"/>
  <testcase name="Then I checkout basket" classname="Scenario: Add item to basket and checkout as guest" time="0"/>
  <testcase name="Then I complete order" classname="Scenario: Add item to basket and checkout as guest" time="0"/>
  <testcase name="Scenario: Add item to basket and checkout as guest" classname="Scenario: Add item to basket and checkout as guest" time="2.203"/>
  <testcase name="Given I am on the RS home web page" classname="Scenario: Add a different item to basket and checkout as guest" time="0"/>
  <testcase name="And I search for &quot;433-6016&quot;" classname="Scenario: Add a different item to basket and checkout as guest" time="0"/>
  <testcase name="When I click the search button" classname="Scenario: Add a different item to basket and checkout as guest" time="0"/>
  <testcase name="Then I should see &quot;XG12P20&quot;" classname="Scenario: Add a different item to basket and checkout as guest" time="0"/>
  <testcase name="Then I make the quantity &quot;1&quot;" classname="Scenario: Add a different item to basket and checkout as guest" time="0"/>
  <testcase name="Then I click the add to cart button" classname="Scenario: Add a different item to basket and checkout as guest" time="0"/>
  <testcase name="Then I select view basket" classname="Scenario: Add a different item to basket and checkout as guest" time="0"/>
  <testcase name="Then I checkout basket" classname="Scenario: Add a different item to basket and checkout as guest" time="0"/>
  <testcase name="Then I complete order" classname="Scenario: Add a different item to basket and checkout as guest" time="0"/>
  <testcase name="Scenario: Add a different item to basket and checkout as guest" classname="Scenario: Add a different item to basket and checkout as guest" time="2.11"/>
  <testcase name="Given I am on the RS home web page" classname="Scenario: A simple RS catalogue search scenario" time="0"/>
  <testcase name="And I search for &quot;909-8132&quot;" classname="Scenario: A simple RS catalogue search scenario" time="0"/>
  <testcase name="When I click the search button" classname="Scenario: A simple RS catalogue search scenario" time="0"/>
  <testcase name="Then I should see &quot;TZT 241 AAA-01&quot;" classname="Scenario: A simple RS catalogue search scenario" time="0"/>
  <testcase name="Scenario: A simple RS catalogue search scenario" classname="Scenario: A simple RS catalogue search scenario" time="2"/>
  <testcase name="Given I am on the RS home web page" classname="Scenario: Another simple RS catalogue search scenario" time="0"/>
  <testcase name="And I search for &quot;896-8660&quot;" classname="Scenario: Another simple RS catalogue search scenario" time="0"/>
  <testcase name="When I click the search button" classname="Scenario: Another simple RS catalogue search scenario" time="0"/>
  <testcase name="Then I should see &quot;Raspberry Pi 3 Model B&quot;" classname="Scenario: Another simple RS catalogue search scenario" time="0"/>
  <testcase name="Scenario: Another simple RS catalogue search scenario" classname="Scenario: Another simple RS catalogue search scenario" time="1.938"/>
  <testcase name="Given I am on the RS home web page" classname="Scenario: Search for Heat Shrinkable Sleeving" time="0"/>
  <testcase name="And I search for &quot;Heat Shrinkable Sleeving&quot;" classname="Scenario: Search for Heat Shrinkable Sleeving" time="0"/>
  <testcase name="When I click the search button" classname="Scenario: Search for Heat Shrinkable Sleeving" time="0"/>
  <testcase name="Then I select &quot;2508886773&quot;" classname="Scenario: Search for Heat Shrinkable Sleeving" time="0"/>
  <testcase name="Then I should see &quot;FP221 1/2 CLEAR 4&apos;&quot;" classname="Scenario: Search for Heat Shrinkable Sleeving" time="0"/>
  <testcase name="Scenario: Search for Heat Shrinkable Sleeving" classname="Scenario: Search for Heat Shrinkable Sleeving" time="1.984"/>
</testsuite>